  decryption.cpp
C:\Users\dynam\Game Reversal\COD-Warzone\external-warzone-cheat-master\external-warzone-cheat-master\modern_warfare\core\game\decryption.cpp(32,1687): warning C4244: 'return': conversion from 'uint64_t' to 'uint32_t', possible loss of data
C:\Users\dynam\Game Reversal\COD-Warzone\external-warzone-cheat-master\external-warzone-cheat-master\modern_warfare\core\game\decryption.cpp(32,1700): warning C4244: 'return': conversion from 'uint64_t' to 'uint32_t', possible loss of data
C:\Users\dynam\Game Reversal\COD-Warzone\external-warzone-cheat-master\external-warzone-cheat-master\modern_warfare\core\game\decryption.cpp(45,15): warning C4244: 'initializing': conversion from 'uint64_t' to 'DWORD', possible loss of data
C:\Users\dynam\Game Reversal\COD-Warzone\external-warzone-cheat-master\external-warzone-cheat-master\modern_warfare\core\game\decryption.cpp(46,15): warning C4244: 'initializing': conversion from 'uint64_t' to 'DWORD', possible loss of data
  sdk.cpp
C:\Users\dynam\Game Reversal\COD-Warzone\external-warzone-cheat-master\external-warzone-cheat-master\modern_warfare\core\game\sdk.cpp(39,33): warning C4244: 'return': conversion from 'type' to 'int', possible loss of data
          with
          [
              type=uintptr_t
          ]
C:\Users\dynam\Game Reversal\COD-Warzone\external-warzone-cheat-master\external-warzone-cheat-master\modern_warfare\core\game\sdk.cpp(114,40): warning C4244: '=': conversion from 'double' to 'float', possible loss of data
C:\Users\dynam\Game Reversal\COD-Warzone\external-warzone-cheat-master\external-warzone-cheat-master\modern_warfare\core\game\sdk.cpp(115,41): warning C4244: '=': conversion from 'double' to 'float', possible loss of data
C:\Users\dynam\Game Reversal\COD-Warzone\external-warzone-cheat-master\external-warzone-cheat-master\modern_warfare\core\game\sdk.cpp(129,16): warning C4244: 'return': conversion from 'double' to 'float', possible loss of data
  main.cpp
C:\Users\dynam\Game Reversal\COD-Warzone\external-warzone-cheat-master\external-warzone-cheat-master\modern_warfare\core\main.cpp(8,1): warning C4005: 'ERROR': macro redefinition
C:\Program Files (x86)\Windows Kits\10\Include\10.0.20348.0\um\wingdi.h(118): message : see previous definition of 'ERROR'
C:\Users\dynam\Game Reversal\COD-Warzone\external-warzone-cheat-master\external-warzone-cheat-master\modern_warfare\core\main.cpp(9,1): warning C4005: 'ASSERT': macro redefinition
C:\Users\dynam\Game Reversal\COD-Warzone\external-warzone-cheat-master\external-warzone-cheat-master\modern_warfare\core\utils\vectors.h(18): message : see previous definition of 'ASSERT'
C:\Users\dynam\Game Reversal\COD-Warzone\external-warzone-cheat-master\external-warzone-cheat-master\modern_warfare\core\main.cpp(177,131): warning C4244: 'argument': conversion from 'float' to 'int', possible loss of data
C:\Users\dynam\Game Reversal\COD-Warzone\external-warzone-cheat-master\external-warzone-cheat-master\modern_warfare\core\main.cpp(177,102): warning C4244: 'argument': conversion from 'float' to 'int', possible loss of data
C:\Users\dynam\Game Reversal\COD-Warzone\external-warzone-cheat-master\external-warzone-cheat-master\modern_warfare\core\main.cpp(177,83): warning C4244: 'argument': conversion from 'float' to 'int', possible loss of data
C:\Users\dynam\Game Reversal\COD-Warzone\external-warzone-cheat-master\external-warzone-cheat-master\modern_warfare\core\main.cpp(177,57): warning C4244: 'argument': conversion from 'float' to 'int', possible loss of data
C:\Users\dynam\Game Reversal\COD-Warzone\external-warzone-cheat-master\external-warzone-cheat-master\modern_warfare\core\main.cpp(179,122): warning C4244: 'argument': conversion from 'float' to 'int', possible loss of data
C:\Users\dynam\Game Reversal\COD-Warzone\external-warzone-cheat-master\external-warzone-cheat-master\modern_warfare\core\main.cpp(179,93): warning C4244: 'argument': conversion from 'float' to 'int', possible loss of data
C:\Users\dynam\Game Reversal\COD-Warzone\external-warzone-cheat-master\external-warzone-cheat-master\modern_warfare\core\main.cpp(179,74): warning C4244: 'argument': conversion from 'float' to 'int', possible loss of data
C:\Users\dynam\Game Reversal\COD-Warzone\external-warzone-cheat-master\external-warzone-cheat-master\modern_warfare\core\main.cpp(179,48): warning C4244: 'argument': conversion from 'float' to 'int', possible loss of data
C:\Users\dynam\Game Reversal\COD-Warzone\external-warzone-cheat-master\external-warzone-cheat-master\modern_warfare\core\main.cpp(183,131): warning C4244: 'argument': conversion from 'float' to 'int', possible loss of data
C:\Users\dynam\Game Reversal\COD-Warzone\external-warzone-cheat-master\external-warzone-cheat-master\modern_warfare\core\main.cpp(183,102): warning C4244: 'argument': conversion from 'float' to 'int', possible loss of data
C:\Users\dynam\Game Reversal\COD-Warzone\external-warzone-cheat-master\external-warzone-cheat-master\modern_warfare\core\main.cpp(183,83): warning C4244: 'argument': conversion from 'float' to 'int', possible loss of data
C:\Users\dynam\Game Reversal\COD-Warzone\external-warzone-cheat-master\external-warzone-cheat-master\modern_warfare\core\main.cpp(183,57): warning C4244: 'argument': conversion from 'float' to 'int', possible loss of data
C:\Users\dynam\Game Reversal\COD-Warzone\external-warzone-cheat-master\external-warzone-cheat-master\modern_warfare\core\main.cpp(185,122): warning C4244: 'argument': conversion from 'float' to 'int', possible loss of data
C:\Users\dynam\Game Reversal\COD-Warzone\external-warzone-cheat-master\external-warzone-cheat-master\modern_warfare\core\main.cpp(185,93): warning C4244: 'argument': conversion from 'float' to 'int', possible loss of data
C:\Users\dynam\Game Reversal\COD-Warzone\external-warzone-cheat-master\external-warzone-cheat-master\modern_warfare\core\main.cpp(185,74): warning C4244: 'argument': conversion from 'float' to 'int', possible loss of data
C:\Users\dynam\Game Reversal\COD-Warzone\external-warzone-cheat-master\external-warzone-cheat-master\modern_warfare\core\main.cpp(185,48): warning C4244: 'argument': conversion from 'float' to 'int', possible loss of data
C:\Users\dynam\Game Reversal\COD-Warzone\external-warzone-cheat-master\external-warzone-cheat-master\modern_warfare\core\main.cpp(211,13): warning C4804: '<=': unsafe use of type 'bool' in operation
C:\Users\dynam\Game Reversal\COD-Warzone\external-warzone-cheat-master\external-warzone-cheat-master\modern_warfare\core\main.cpp(211,73): warning C4804: '<=': unsafe use of type 'bool' in operation
C:\Users\dynam\Game Reversal\COD-Warzone\external-warzone-cheat-master\external-warzone-cheat-master\modern_warfare\core\main.cpp(240,14): warning C4244: 'initializing': conversion from 'float' to 'int', possible loss of data
C:\Users\dynam\Game Reversal\COD-Warzone\external-warzone-cheat-master\external-warzone-cheat-master\modern_warfare\core\main.cpp(241,14): warning C4244: 'initializing': conversion from 'float' to 'int', possible loss of data
C:\Users\dynam\Game Reversal\COD-Warzone\external-warzone-cheat-master\external-warzone-cheat-master\modern_warfare\core\main.cpp(258,49): warning C4244: 'argument': conversion from 'int' to 'float', possible loss of data
C:\Users\dynam\Game Reversal\COD-Warzone\external-warzone-cheat-master\external-warzone-cheat-master\modern_warfare\core\main.cpp(258,39): warning C4244: 'argument': conversion from 'int' to 'float', possible loss of data
C:\Users\dynam\Game Reversal\COD-Warzone\external-warzone-cheat-master\external-warzone-cheat-master\modern_warfare\core\main.cpp(308,56): warning C4244: 'argument': conversion from 'int' to 'float', possible loss of data
C:\Users\dynam\Game Reversal\COD-Warzone\external-warzone-cheat-master\external-warzone-cheat-master\modern_warfare\core\main.cpp(308,46): warning C4244: 'argument': conversion from 'int' to 'float', possible loss of data
C:\Users\dynam\Game Reversal\COD-Warzone\external-warzone-cheat-master\external-warzone-cheat-master\modern_warfare\core\main.cpp(310,56): warning C4244: 'argument': conversion from 'int' to 'float', possible loss of data
C:\Users\dynam\Game Reversal\COD-Warzone\external-warzone-cheat-master\external-warzone-cheat-master\modern_warfare\core\main.cpp(310,46): warning C4244: 'argument': conversion from 'int' to 'float', possible loss of data
C:\Users\dynam\Game Reversal\COD-Warzone\external-warzone-cheat-master\external-warzone-cheat-master\modern_warfare\core\main.cpp(318,76): warning C4244: 'argument': conversion from 'int' to 'float', possible loss of data
C:\Users\dynam\Game Reversal\COD-Warzone\external-warzone-cheat-master\external-warzone-cheat-master\modern_warfare\core\main.cpp(318,53): warning C4244: 'argument': conversion from 'int' to 'float', possible loss of data
C:\Users\dynam\Game Reversal\COD-Warzone\external-warzone-cheat-master\external-warzone-cheat-master\modern_warfare\core\main.cpp(322,113): warning C4244: 'argument': conversion from 'int' to 'float', possible loss of data
C:\Users\dynam\Game Reversal\COD-Warzone\external-warzone-cheat-master\external-warzone-cheat-master\modern_warfare\core\main.cpp(322,76): warning C4244: 'argument': conversion from 'int' to 'float', possible loss of data
C:\Users\dynam\Game Reversal\COD-Warzone\external-warzone-cheat-master\external-warzone-cheat-master\modern_warfare\core\main.cpp(322,53): warning C4244: 'argument': conversion from 'int' to 'float', possible loss of data
C:\Users\dynam\Game Reversal\COD-Warzone\external-warzone-cheat-master\external-warzone-cheat-master\modern_warfare\core\main.cpp(356,51): warning C4244: 'argument': conversion from 'float' to 'int', possible loss of data
C:\Users\dynam\Game Reversal\COD-Warzone\external-warzone-cheat-master\external-warzone-cheat-master\modern_warfare\core\main.cpp(356,40): warning C4244: 'argument': conversion from 'float' to 'int', possible loss of data
C:\Users\dynam\Game Reversal\COD-Warzone\external-warzone-cheat-master\external-warzone-cheat-master\modern_warfare\core\main.cpp(357,54): warning C4244: 'argument': conversion from 'float' to 'int', possible loss of data
C:\Users\dynam\Game Reversal\COD-Warzone\external-warzone-cheat-master\external-warzone-cheat-master\modern_warfare\core\main.cpp(357,40): warning C4244: 'argument': conversion from 'float' to 'int', possible loss of data
C:\Users\dynam\Game Reversal\COD-Warzone\external-warzone-cheat-master\external-warzone-cheat-master\modern_warfare\core\main.cpp(358,59): warning C4244: 'argument': conversion from 'float' to 'int', possible loss of data
C:\Users\dynam\Game Reversal\COD-Warzone\external-warzone-cheat-master\external-warzone-cheat-master\modern_warfare\core\main.cpp(358,43): warning C4244: 'argument': conversion from 'float' to 'int', possible loss of data
C:\Users\dynam\Game Reversal\COD-Warzone\external-warzone-cheat-master\external-warzone-cheat-master\modern_warfare\core\main.cpp(359,60): warning C4244: 'argument': conversion from 'float' to 'int', possible loss of data
C:\Users\dynam\Game Reversal\COD-Warzone\external-warzone-cheat-master\external-warzone-cheat-master\modern_warfare\core\main.cpp(359,43): warning C4244: 'argument': conversion from 'float' to 'int', possible loss of data
C:\Users\dynam\Game Reversal\COD-Warzone\external-warzone-cheat-master\external-warzone-cheat-master\modern_warfare\core\main.cpp(365,38): warning C4244: 'argument': conversion from 'float' to 'int', possible loss of data
C:\Users\dynam\Game Reversal\COD-Warzone\external-warzone-cheat-master\external-warzone-cheat-master\modern_warfare\core\main.cpp(365,24): warning C4244: 'argument': conversion from 'float' to 'int', possible loss of data
C:\Users\dynam\Game Reversal\COD-Warzone\external-warzone-cheat-master\external-warzone-cheat-master\modern_warfare\core\main.cpp(372,66): warning C4244: 'argument': conversion from 'double' to 'float', possible loss of data
C:\Users\dynam\Game Reversal\COD-Warzone\external-warzone-cheat-master\external-warzone-cheat-master\modern_warfare\core\main.cpp(376,38): warning C4244: 'argument': conversion from 'float' to 'int', possible loss of data
C:\Users\dynam\Game Reversal\COD-Warzone\external-warzone-cheat-master\external-warzone-cheat-master\modern_warfare\core\main.cpp(376,24): warning C4244: 'argument': conversion from 'float' to 'int', possible loss of data
C:\Users\dynam\Game Reversal\COD-Warzone\external-warzone-cheat-master\external-warzone-cheat-master\modern_warfare\core\main.cpp(383,66): warning C4244: 'argument': conversion from 'double' to 'float', possible loss of data
C:\Users\dynam\Game Reversal\COD-Warzone\external-warzone-cheat-master\external-warzone-cheat-master\modern_warfare\core\main.cpp(387,38): warning C4244: 'argument': conversion from 'float' to 'int', possible loss of data
C:\Users\dynam\Game Reversal\COD-Warzone\external-warzone-cheat-master\external-warzone-cheat-master\modern_warfare\core\main.cpp(387,24): warning C4244: 'argument': conversion from 'float' to 'int', possible loss of data
C:\Users\dynam\Game Reversal\COD-Warzone\external-warzone-cheat-master\external-warzone-cheat-master\modern_warfare\core\main.cpp(394,66): warning C4244: 'argument': conversion from 'double' to 'float', possible loss of data
C:\Users\dynam\Game Reversal\COD-Warzone\external-warzone-cheat-master\external-warzone-cheat-master\modern_warfare\core\main.cpp(399,64): warning C4244: 'argument': conversion from 'float' to 'int', possible loss of data
C:\Users\dynam\Game Reversal\COD-Warzone\external-warzone-cheat-master\external-warzone-cheat-master\modern_warfare\core\main.cpp(399,47): warning C4244: 'argument': conversion from 'float' to 'int', possible loss of data
C:\Users\dynam\Game Reversal\COD-Warzone\external-warzone-cheat-master\external-warzone-cheat-master\modern_warfare\core\main.cpp(402,64): warning C4244: 'argument': conversion from 'float' to 'int', possible loss of data
C:\Users\dynam\Game Reversal\COD-Warzone\external-warzone-cheat-master\external-warzone-cheat-master\modern_warfare\core\main.cpp(402,47): warning C4244: 'argument': conversion from 'float' to 'int', possible loss of data
C:\Users\dynam\Game Reversal\COD-Warzone\external-warzone-cheat-master\external-warzone-cheat-master\modern_warfare\core\main.cpp(405,64): warning C4244: 'argument': conversion from 'float' to 'int', possible loss of data
C:\Users\dynam\Game Reversal\COD-Warzone\external-warzone-cheat-master\external-warzone-cheat-master\modern_warfare\core\main.cpp(405,47): warning C4244: 'argument': conversion from 'float' to 'int', possible loss of data
C:\Users\dynam\Game Reversal\COD-Warzone\external-warzone-cheat-master\external-warzone-cheat-master\modern_warfare\core\main.cpp(408,64): warning C4244: 'argument': conversion from 'float' to 'int', possible loss of data
C:\Users\dynam\Game Reversal\COD-Warzone\external-warzone-cheat-master\external-warzone-cheat-master\modern_warfare\core\main.cpp(408,47): warning C4244: 'argument': conversion from 'float' to 'int', possible loss of data
C:\Users\dynam\Game Reversal\COD-Warzone\external-warzone-cheat-master\external-warzone-cheat-master\modern_warfare\core\main.cpp(411,64): warning C4244: 'argument': conversion from 'float' to 'int', possible loss of data
C:\Users\dynam\Game Reversal\COD-Warzone\external-warzone-cheat-master\external-warzone-cheat-master\modern_warfare\core\main.cpp(411,47): warning C4244: 'argument': conversion from 'float' to 'int', possible loss of data
C:\Users\dynam\Game Reversal\COD-Warzone\external-warzone-cheat-master\external-warzone-cheat-master\modern_warfare\core\main.cpp(414,64): warning C4244: 'argument': conversion from 'float' to 'int', possible loss of data
C:\Users\dynam\Game Reversal\COD-Warzone\external-warzone-cheat-master\external-warzone-cheat-master\modern_warfare\core\main.cpp(414,47): warning C4244: 'argument': conversion from 'float' to 'int', possible loss of data
C:\Users\dynam\Game Reversal\COD-Warzone\external-warzone-cheat-master\external-warzone-cheat-master\modern_warfare\core\main.cpp(417,64): warning C4244: 'argument': conversion from 'float' to 'int', possible loss of data
C:\Users\dynam\Game Reversal\COD-Warzone\external-warzone-cheat-master\external-warzone-cheat-master\modern_warfare\core\main.cpp(417,47): warning C4244: 'argument': conversion from 'float' to 'int', possible loss of data
C:\Users\dynam\Game Reversal\COD-Warzone\external-warzone-cheat-master\external-warzone-cheat-master\modern_warfare\core\main.cpp(420,64): warning C4244: 'argument': conversion from 'float' to 'int', possible loss of data
C:\Users\dynam\Game Reversal\COD-Warzone\external-warzone-cheat-master\external-warzone-cheat-master\modern_warfare\core\main.cpp(420,47): warning C4244: 'argument': conversion from 'float' to 'int', possible loss of data
C:\Users\dynam\Game Reversal\COD-Warzone\external-warzone-cheat-master\external-warzone-cheat-master\modern_warfare\core\main.cpp(423,64): warning C4244: 'argument': conversion from 'float' to 'int', possible loss of data
C:\Users\dynam\Game Reversal\COD-Warzone\external-warzone-cheat-master\external-warzone-cheat-master\modern_warfare\core\main.cpp(423,47): warning C4244: 'argument': conversion from 'float' to 'int', possible loss of data
C:\Users\dynam\Game Reversal\COD-Warzone\external-warzone-cheat-master\external-warzone-cheat-master\modern_warfare\core\main.cpp(430,64): warning C4244: 'argument': conversion from 'float' to 'int', possible loss of data
C:\Users\dynam\Game Reversal\COD-Warzone\external-warzone-cheat-master\external-warzone-cheat-master\modern_warfare\core\main.cpp(430,47): warning C4244: 'argument': conversion from 'float' to 'int', possible loss of data
C:\Users\dynam\Game Reversal\COD-Warzone\external-warzone-cheat-master\external-warzone-cheat-master\modern_warfare\core\main.cpp(433,67): warning C4244: 'argument': conversion from 'float' to 'int', possible loss of data
C:\Users\dynam\Game Reversal\COD-Warzone\external-warzone-cheat-master\external-warzone-cheat-master\modern_warfare\core\main.cpp(433,50): warning C4244: 'argument': conversion from 'float' to 'int', possible loss of data
C:\Users\dynam\Game Reversal\COD-Warzone\external-warzone-cheat-master\external-warzone-cheat-master\modern_warfare\core\main.cpp(439,64): warning C4244: 'argument': conversion from 'float' to 'int', possible loss of data
C:\Users\dynam\Game Reversal\COD-Warzone\external-warzone-cheat-master\external-warzone-cheat-master\modern_warfare\core\main.cpp(439,47): warning C4244: 'argument': conversion from 'float' to 'int', possible loss of data
  scene.cpp
C:\Users\dynam\Game Reversal\COD-Warzone\external-warzone-cheat-master\external-warzone-cheat-master\modern_warfare\core\overlay\renderer\scene.cpp(70,21): warning C4267: '=': conversion from 'size_t' to 'int', possible loss of data
C:\Users\dynam\Game Reversal\COD-Warzone\external-warzone-cheat-master\external-warzone-cheat-master\modern_warfare\core\overlay\renderer\scene.cpp(90,68): warning C4244: 'argument': conversion from 'int' to 'FLOAT', possible loss of data
C:\Users\dynam\Game Reversal\COD-Warzone\external-warzone-cheat-master\external-warzone-cheat-master\modern_warfare\core\overlay\renderer\scene.cpp(90,61): warning C4244: 'argument': conversion from 'int' to 'FLOAT', possible loss of data
C:\Users\dynam\Game Reversal\COD-Warzone\external-warzone-cheat-master\external-warzone-cheat-master\modern_warfare\core\overlay\renderer\scene.cpp(90,58): warning C4244: 'argument': conversion from 'int' to 'FLOAT', possible loss of data
C:\Users\dynam\Game Reversal\COD-Warzone\external-warzone-cheat-master\external-warzone-cheat-master\modern_warfare\core\overlay\renderer\scene.cpp(90,55): warning C4244: 'argument': conversion from 'int' to 'FLOAT', possible loss of data
C:\Users\dynam\Game Reversal\COD-Warzone\external-warzone-cheat-master\external-warzone-cheat-master\modern_warfare\core\overlay\renderer\scene.cpp(95,68): warning C4244: 'argument': conversion from 'int' to 'FLOAT', possible loss of data
C:\Users\dynam\Game Reversal\COD-Warzone\external-warzone-cheat-master\external-warzone-cheat-master\modern_warfare\core\overlay\renderer\scene.cpp(95,61): warning C4244: 'argument': conversion from 'int' to 'FLOAT', possible loss of data
C:\Users\dynam\Game Reversal\COD-Warzone\external-warzone-cheat-master\external-warzone-cheat-master\modern_warfare\core\overlay\renderer\scene.cpp(95,58): warning C4244: 'argument': conversion from 'int' to 'FLOAT', possible loss of data
C:\Users\dynam\Game Reversal\COD-Warzone\external-warzone-cheat-master\external-warzone-cheat-master\modern_warfare\core\overlay\renderer\scene.cpp(95,55): warning C4244: 'argument': conversion from 'int' to 'FLOAT', possible loss of data
C:\Users\dynam\Game Reversal\COD-Warzone\external-warzone-cheat-master\external-warzone-cheat-master\modern_warfare\core\overlay\renderer\scene.cpp(107,68): warning C4244: 'argument': conversion from 'int' to 'FLOAT', possible loss of data
C:\Users\dynam\Game Reversal\COD-Warzone\external-warzone-cheat-master\external-warzone-cheat-master\modern_warfare\core\overlay\renderer\scene.cpp(107,61): warning C4244: 'argument': conversion from 'int' to 'FLOAT', possible loss of data
C:\Users\dynam\Game Reversal\COD-Warzone\external-warzone-cheat-master\external-warzone-cheat-master\modern_warfare\core\overlay\renderer\scene.cpp(107,58): warning C4244: 'argument': conversion from 'int' to 'FLOAT', possible loss of data
C:\Users\dynam\Game Reversal\COD-Warzone\external-warzone-cheat-master\external-warzone-cheat-master\modern_warfare\core\overlay\renderer\scene.cpp(107,55): warning C4244: 'argument': conversion from 'int' to 'FLOAT', possible loss of data
C:\Users\dynam\Game Reversal\COD-Warzone\external-warzone-cheat-master\external-warzone-cheat-master\modern_warfare\core\overlay\renderer\scene.cpp(118,74): warning C4244: 'argument': conversion from 'int' to 'FLOAT', possible loss of data
C:\Users\dynam\Game Reversal\COD-Warzone\external-warzone-cheat-master\external-warzone-cheat-master\modern_warfare\core\overlay\renderer\scene.cpp(118,63): warning C4244: 'argument': conversion from 'int' to 'FLOAT', possible loss of data
C:\Users\dynam\Game Reversal\COD-Warzone\external-warzone-cheat-master\external-warzone-cheat-master\modern_warfare\core\overlay\renderer\scene.cpp(118,58): warning C4244: 'argument': conversion from 'int' to 'FLOAT', possible loss of data
C:\Users\dynam\Game Reversal\COD-Warzone\external-warzone-cheat-master\external-warzone-cheat-master\modern_warfare\core\overlay\renderer\scene.cpp(118,55): warning C4244: 'argument': conversion from 'int' to 'FLOAT', possible loss of data
C:\Users\dynam\Game Reversal\COD-Warzone\external-warzone-cheat-master\external-warzone-cheat-master\modern_warfare\core\overlay\renderer\scene.cpp(132,27): warning C4244: 'argument': conversion from 'LONG' to 'float', possible loss of data
C:\Users\dynam\Game Reversal\COD-Warzone\external-warzone-cheat-master\external-warzone-cheat-master\modern_warfare\core\overlay\renderer\scene.cpp(132,22): warning C4244: 'argument': conversion from 'LONG' to 'float', possible loss of data
C:\Users\dynam\Game Reversal\COD-Warzone\external-warzone-cheat-master\external-warzone-cheat-master\modern_warfare\core\overlay\renderer\scene.cpp(184,52): warning C4244: 'argument': conversion from 'int' to 'float', possible loss of data
C:\Users\dynam\Game Reversal\COD-Warzone\external-warzone-cheat-master\external-warzone-cheat-master\modern_warfare\core\overlay\renderer\scene.cpp(184,33): warning C4244: 'argument': conversion from 'int' to 'float', possible loss of data
C:\Users\dynam\Game Reversal\COD-Warzone\external-warzone-cheat-master\external-warzone-cheat-master\modern_warfare\core\overlay\renderer\scene.cpp(186,54): warning C4244: 'argument': conversion from 'int' to 'float', possible loss of data
C:\Users\dynam\Game Reversal\COD-Warzone\external-warzone-cheat-master\external-warzone-cheat-master\modern_warfare\core\overlay\renderer\scene.cpp(186,33): warning C4244: 'argument': conversion from 'int' to 'float', possible loss of data
C:\Users\dynam\Game Reversal\COD-Warzone\external-warzone-cheat-master\external-warzone-cheat-master\modern_warfare\core\overlay\renderer\scene.cpp(188,55): warning C4244: 'argument': conversion from 'int' to 'float', possible loss of data
C:\Users\dynam\Game Reversal\COD-Warzone\external-warzone-cheat-master\external-warzone-cheat-master\modern_warfare\core\overlay\renderer\scene.cpp(188,33): warning C4244: 'argument': conversion from 'int' to 'float', possible loss of data
C:\Users\dynam\Game Reversal\COD-Warzone\external-warzone-cheat-master\external-warzone-cheat-master\modern_warfare\core\overlay\renderer\scene.cpp(228,75): warning C4244: 'argument': conversion from 'double' to 'int', possible loss of data
C:\Users\dynam\Game Reversal\COD-Warzone\external-warzone-cheat-master\external-warzone-cheat-master\modern_warfare\core\overlay\renderer\scene.cpp(228,53): warning C4244: 'argument': conversion from 'double' to 'int', possible loss of data
C:\Users\dynam\Game Reversal\COD-Warzone\external-warzone-cheat-master\external-warzone-cheat-master\modern_warfare\core\overlay\renderer\scene.cpp(242,10): warning C4101: 'canBeDragged': unreferenced local variable
C:\Users\dynam\Game Reversal\COD-Warzone\external-warzone-cheat-master\external-warzone-cheat-master\modern_warfare\core\overlay\renderer\scene.cpp(260,75): warning C4244: 'argument': conversion from 'int' to 'FLOAT', possible loss of data
C:\Users\dynam\Game Reversal\COD-Warzone\external-warzone-cheat-master\external-warzone-cheat-master\modern_warfare\core\overlay\renderer\scene.cpp(260,64): warning C4244: 'argument': conversion from 'int' to 'FLOAT', possible loss of data
C:\Users\dynam\Game Reversal\COD-Warzone\external-warzone-cheat-master\external-warzone-cheat-master\modern_warfare\core\overlay\renderer\scene.cpp(260,59): warning C4244: 'argument': conversion from 'int' to 'FLOAT', possible loss of data
C:\Users\dynam\Game Reversal\COD-Warzone\external-warzone-cheat-master\external-warzone-cheat-master\modern_warfare\core\overlay\renderer\scene.cpp(260,56): warning C4244: 'argument': conversion from 'int' to 'FLOAT', possible loss of data
C:\Users\dynam\Game Reversal\COD-Warzone\external-warzone-cheat-master\external-warzone-cheat-master\modern_warfare\core\overlay\renderer\scene.cpp(281,80): warning C4244: 'argument': conversion from 'int' to 'FLOAT', possible loss of data
C:\Users\dynam\Game Reversal\COD-Warzone\external-warzone-cheat-master\external-warzone-cheat-master\modern_warfare\core\overlay\renderer\scene.cpp(281,69): warning C4244: 'argument': conversion from 'int' to 'FLOAT', possible loss of data
C:\Users\dynam\Game Reversal\COD-Warzone\external-warzone-cheat-master\external-warzone-cheat-master\modern_warfare\core\overlay\renderer\scene.cpp(281,64): warning C4244: 'argument': conversion from 'int' to 'FLOAT', possible loss of data
C:\Users\dynam\Game Reversal\COD-Warzone\external-warzone-cheat-master\external-warzone-cheat-master\modern_warfare\core\overlay\renderer\scene.cpp(281,61): warning C4244: 'argument': conversion from 'int' to 'FLOAT', possible loss of data
  Generating code
C:\Users\dynam\Game Reversal\COD-Warzone\external-warzone-cheat-master\external-warzone-cheat-master\modern_warfare\core\game\decryption.cpp(26): warning C4715: 'decryption::get_bone': not all control paths return a value
  18 of 207 functions ( 8.7%) were compiled, the rest were copied from previous compilation.
    0 functions were new in current compilation
    0 functions had inline decision re-evaluated but remain unchanged
  Finished generating code
  modern_warfare.vcxproj -> C:\Users\dynam\Game Reversal\COD-Warzone\external-warzone-cheat-master\external-warzone-cheat-master\x64\Release\modern_warfare_client.exe
