  sdk.cpp
C:\Users\dynam\Game Reversal\COD-Warzone\external-warzone-cheat-master\external-warzone-cheat-master\modern_warfare\core\game\sdk.cpp(34,33): warning C4244: 'return': conversion from 'type' to 'int', possible loss of data
          with
          [
              type=uintptr_t
          ]
C:\Users\dynam\Game Reversal\COD-Warzone\external-warzone-cheat-master\external-warzone-cheat-master\modern_warfare\core\game\sdk.cpp(81,39): warning C4244: '=': conversion from 'double' to 'float', possible loss of data
C:\Users\dynam\Game Reversal\COD-Warzone\external-warzone-cheat-master\external-warzone-cheat-master\modern_warfare\core\game\sdk.cpp(82,41): warning C4244: '=': conversion from 'double' to 'float', possible loss of data
C:\Users\dynam\Game Reversal\COD-Warzone\external-warzone-cheat-master\external-warzone-cheat-master\modern_warfare\core\game\sdk.cpp(96,16): warning C4244: 'return': conversion from 'double' to 'float', possible loss of data
C:\Users\dynam\Game Reversal\COD-Warzone\external-warzone-cheat-master\external-warzone-cheat-master\modern_warfare\core\game\sdk.cpp(1365,10): warning C4244: 'return': conversion from 'uint64_t' to 'uint32_t', possible loss of data
C:\Users\dynam\Game Reversal\COD-Warzone\external-warzone-cheat-master\external-warzone-cheat-master\modern_warfare\core\game\sdk.cpp(1378,15): warning C4244: 'initializing': conversion from 'uint64_t' to 'DWORD', possible loss of data
C:\Users\dynam\Game Reversal\COD-Warzone\external-warzone-cheat-master\external-warzone-cheat-master\modern_warfare\core\game\sdk.cpp(1379,15): warning C4244: 'initializing': conversion from 'uint64_t' to 'DWORD', possible loss of data
  main.cpp
C:\Users\dynam\Game Reversal\COD-Warzone\external-warzone-cheat-master\external-warzone-cheat-master\modern_warfare\core\main.cpp(8,1): warning C4005: 'ERROR': macro redefinition
C:\Program Files (x86)\Windows Kits\10\Include\10.0.19041.0\um\wingdi.h(118): message : see previous definition of 'ERROR'
C:\Users\dynam\Game Reversal\COD-Warzone\external-warzone-cheat-master\external-warzone-cheat-master\modern_warfare\core\main.cpp(9,1): warning C4005: 'ASSERT': macro redefinition
C:\Users\dynam\Game Reversal\COD-Warzone\external-warzone-cheat-master\external-warzone-cheat-master\modern_warfare\core\utils\vectors.h(18): message : see previous definition of 'ASSERT'
C:\Users\dynam\Game Reversal\COD-Warzone\external-warzone-cheat-master\external-warzone-cheat-master\modern_warfare\core\main.cpp(49,50): warning C4244: 'argument': conversion from 'int' to 'float', possible loss of data
  hijack.cpp
  colors.cpp
  fonts.cpp
  internal.cpp
  renderer.cpp
  scene.cpp
C:\Users\dynam\Game Reversal\COD-Warzone\external-warzone-cheat-master\external-warzone-cheat-master\modern_warfare\core\overlay\renderer\scene.cpp(52,74): warning C4244: 'argument': conversion from 'int' to 'FLOAT', possible loss of data
C:\Users\dynam\Game Reversal\COD-Warzone\external-warzone-cheat-master\external-warzone-cheat-master\modern_warfare\core\overlay\renderer\scene.cpp(52,63): warning C4244: 'argument': conversion from 'int' to 'FLOAT', possible loss of data
C:\Users\dynam\Game Reversal\COD-Warzone\external-warzone-cheat-master\external-warzone-cheat-master\modern_warfare\core\overlay\renderer\scene.cpp(52,58): warning C4244: 'argument': conversion from 'int' to 'FLOAT', possible loss of data
C:\Users\dynam\Game Reversal\COD-Warzone\external-warzone-cheat-master\external-warzone-cheat-master\modern_warfare\core\overlay\renderer\scene.cpp(52,55): warning C4244: 'argument': conversion from 'int' to 'FLOAT', possible loss of data
C:\Users\dynam\Game Reversal\COD-Warzone\external-warzone-cheat-master\external-warzone-cheat-master\modern_warfare\core\overlay\renderer\scene.cpp(52,92): warning C4244: 'argument': conversion from 'int' to 'FLOAT', possible loss of data
  vectors.cpp
  Generating Code...
C:\Users\dynam\Game Reversal\COD-Warzone\external-warzone-cheat-master\external-warzone-cheat-master\modern_warfare\core\game\sdk.cpp(1297): warning C4715: 'decryption::get_bone': not all control paths return a value
  modern_warfare.vcxproj -> C:\Users\dynam\Game Reversal\COD-Warzone\external-warzone-cheat-master\external-warzone-cheat-master\x64\Debug\modern_warfare_client.exe
